# JRE version: OpenJDK Runtime Environment (8.0_202-b03) (build 1.8.0_202-release-1483-b03)
# Java VM: OpenJDK 64-Bit Server VM (25.202-b03 mixed mode windows-amd64 compressed oops)
Heap:
 PSYoungGen      total 87040K, used 33382K [0x00000000e0000000, 0x00000000e7e00000, 0x0000000100000000)
  eden space 71680K, 25% used [0x00000000e0000000,0x00000000e119b268,0x00000000e4600000)
  from space 15360K, 99% used [0x00000000e4600000,0x00000000e54fe8f8,0x00000000e5500000)
  to   space 18432K, 0% used [0x00000000e6c00000,0x00000000e6c00000,0x00000000e7e00000)
 ParOldGen       total 58880K, used 20762K [0x00000000a0000000, 0x00000000a3980000, 0x00000000e0000000)
  object space 58880K, 35% used [0x00000000a0000000,0x00000000a1446ac8,0x00000000a3980000)
 Metaspace       used 53468K, capacity 54896K, committed 55000K, reserved 1097728K
  class space    used 7228K, capacity 7583K, committed 7680K, reserved 1048576K
GC Heap History (10 events):
Event: 46.129 GC heap before
{Heap before GC invocations=11 (full 1):
 PSYoungGen      total 71680K, used 69699K [0x00000000e0000000, 0x00000000e6180000, 0x0000000100000000)
  eden space 61440K, 99% used [0x00000000e0000000,0x00000000e3bec658,0x00000000e3c00000)
  from space 10240K, 81% used [0x00000000e3c00000,0x00000000e44248c8,0x00000000e4600000)
  to   space 10752K, 0% used [0x00000000e5700000,0x00000000e5700000,0x00000000e6180000)
 ParOldGen       total 37888K, used 10365K [0x00000000a0000000, 0x00000000a2500000, 0x00000000e0000000)
  object space 37888K, 27% used [0x00000000a0000000,0x00000000a0a1f590,0x00000000a2500000)
 Metaspace       used 34549K, capacity 35272K, committed 35416K, reserved 1079296K
  class space    used 4747K, capacity 4939K, committed 4992K, reserved 1048576K
Event: 46.146 GC heap after
Heap after GC invocations=11 (full 1):
 PSYoungGen      total 87040K, used 10736K [0x00000000e0000000, 0x00000000e6380000, 0x0000000100000000)
  eden space 76288K, 0% used [0x00000000e0000000,0x00000000e0000000,0x00000000e4a80000)
  from space 10752K, 99% used [0x00000000e5700000,0x00000000e617c250,0x00000000e6180000)
  to   space 12800K, 0% used [0x00000000e4a80000,0x00000000e4a80000,0x00000000e5700000)
 ParOldGen       total 37888K, used 11437K [0x00000000a0000000, 0x00000000a2500000, 0x00000000e0000000)
  object space 37888K, 30% used [0x00000000a0000000,0x00000000a0b2b7a8,0x00000000a2500000)
 Metaspace       used 34549K, capacity 35272K, committed 35416K, reserved 1079296K
  class space    used 4747K, capacity 4939K, committed 4992K, reserved 1048576K
}
Event: 46.146 GC heap before
{Heap before GC invocations=12 (full 2):
 PSYoungGen      total 87040K, used 10736K [0x00000000e0000000, 0x00000000e6380000, 0x0000000100000000)
  eden space 76288K, 0% used [0x00000000e0000000,0x00000000e0000000,0x00000000e4a80000)
  from space 10752K, 99% used [0x00000000e5700000,0x00000000e617c250,0x00000000e6180000)
  to   space 12800K, 0% used [0x00000000e4a80000,0x00000000e4a80000,0x00000000e5700000)
 ParOldGen       total 37888K, used 11437K [0x00000000a0000000, 0x00000000a2500000, 0x00000000e0000000)
  object space 37888K, 30% used [0x00000000a0000000,0x00000000a0b2b7a8,0x00000000a2500000)
 Metaspace       used 34549K, capacity 35272K, committed 35416K, reserved 1079296K
  class space    used 4747K, capacity 4939K, committed 4992K, reserved 1048576K
Event: 46.260 GC heap after
Heap after GC invocations=12 (full 2):
 PSYoungGen      total 87040K, used 0K [0x00000000e0000000, 0x00000000e6380000, 0x0000000100000000)
  eden space 76288K, 0% used [0x00000000e0000000,0x00000000e0000000,0x00000000e4a80000)
  from space 10752K, 0% used [0x00000000e5700000,0x00000000e5700000,0x00000000e6180000)
  to   space 12800K, 0% used [0x00000000e4a80000,0x00000000e4a80000,0x00000000e5700000)
 ParOldGen       total 58880K, used 18340K [0x00000000a0000000, 0x00000000a3980000, 0x00000000e0000000)
  object space 58880K, 31% used [0x00000000a0000000,0x00000000a11e9188,0x00000000a3980000)
 Metaspace       used 34538K, capacity 35236K, committed 35416K, reserved 1079296K
  class space    used 4744K, capacity 4933K, committed 4992K, reserved 1048576K
}
Event: 55.014 GC heap before
{Heap before GC invocations=13 (full 2):
 PSYoungGen      total 87040K, used 76288K [0x00000000e0000000, 0x00000000e6380000, 0x0000000100000000)
  eden space 76288K, 100% used [0x00000000e0000000,0x00000000e4a80000,0x00000000e4a80000)
  from space 10752K, 0% used [0x00000000e5700000,0x00000000e5700000,0x00000000e6180000)
  to   space 12800K, 0% used [0x00000000e4a80000,0x00000000e4a80000,0x00000000e5700000)
 ParOldGen       total 58880K, used 18340K [0x00000000a0000000, 0x00000000a3980000, 0x00000000e0000000)
  object space 58880K, 31% used [0x00000000a0000000,0x00000000a11e9188,0x00000000a3980000)
 Metaspace       used 42984K, capacity 43836K, committed 44248K, reserved 1087488K
  class space    used 5804K, capacity 6034K, committed 6144K, reserved 1048576K
Event: 55.030 GC heap after
Heap after GC invocations=13 (full 2):
 PSYoungGen      total 83968K, used 10189K [0x00000000e0000000, 0x00000000e6200000, 0x0000000100000000)
  eden space 73728K, 0% used [0x00000000e0000000,0x00000000e0000000,0x00000000e4800000)
  from space 10240K, 99% used [0x00000000e4a80000,0x00000000e5473698,0x00000000e5480000)
  to   space 13312K, 0% used [0x00000000e5500000,0x00000000e5500000,0x00000000e6200000)
 ParOldGen       total 58880K, used 18348K [0x00000000a0000000, 0x00000000a3980000, 0x00000000e0000000)
  object space 58880K, 31% used [0x00000000a0000000,0x00000000a11eb188,0x00000000a3980000)
 Metaspace       used 42984K, capacity 43836K, committed 44248K, reserved 1087488K
  class space    used 5804K, capacity 6034K, committed 6144K, reserved 1048576K
}
Event: 60.398 GC heap before
{Heap before GC invocations=14 (full 2):
 PSYoungGen      total 83968K, used 83917K [0x00000000e0000000, 0x00000000e6200000, 0x0000000100000000)
  eden space 73728K, 100% used [0x00000000e0000000,0x00000000e4800000,0x00000000e4800000)
  from space 10240K, 99% used [0x00000000e4a80000,0x00000000e5473698,0x00000000e5480000)
  to   space 13312K, 0% used [0x00000000e5500000,0x00000000e5500000,0x00000000e6200000)
 ParOldGen       total 58880K, used 18348K [0x00000000a0000000, 0x00000000a3980000, 0x00000000e0000000)
  object space 58880K, 31% used [0x00000000a0000000,0x00000000a11eb188,0x00000000a3980000)
 Metaspace       used 46729K, capacity 47870K, committed 48088K, reserved 1091584K
  class space    used 6281K, capacity 6564K, committed 6656K, reserved 1048576K
Event: 60.418 GC heap after
Heap after GC invocations=14 (full 2):
 PSYoungGen      total 84992K, used 12891K [0x00000000e0000000, 0x00000000e6400000, 0x0000000100000000)
  eden space 71680K, 0% used [0x00000000e0000000,0x00000000e0000000,0x00000000e4600000)
  from space 13312K, 96% used [0x00000000e5500000,0x00000000e6196e40,0x00000000e6200000)
  to   space 15360K, 0% used [0x00000000e4600000,0x00000000e4600000,0x00000000e5500000)
 ParOldGen       total 58880K, used 18356K [0x00000000a0000000, 0x00000000a3980000, 0x00000000e0000000)
  object space 58880K, 31% used [0x00000000a0000000,0x00000000a11ed188,0x00000000a3980000)
 Metaspace       used 46729K, capacity 47870K, committed 48088K, reserved 1091584K
  class space    used 6281K, capacity 6564K, committed 6656K, reserved 1048576K
}
Event: 66.124 GC heap before
{Heap before GC invocations=15 (full 2):
 PSYoungGen      total 84992K, used 84571K [0x00000000e0000000, 0x00000000e6400000, 0x0000000100000000)
  eden space 71680K, 100% used [0x00000000e0000000,0x00000000e4600000,0x00000000e4600000)
  from space 13312K, 96% used [0x00000000e5500000,0x00000000e6196e40,0x00000000e6200000)
  to   space 15360K, 0% used [0x00000000e4600000,0x00000000e4600000,0x00000000e5500000)
 ParOldGen       total 58880K, used 18356K [0x00000000a0000000, 0x00000000a3980000, 0x00000000e0000000)
  object space 58880K, 31% used [0x00000000a0000000,0x00000000a11ed188,0x00000000a3980000)
 Metaspace       used 52986K, capacity 54364K, committed 54616K, reserved 1095680K
  class space    used 7156K, capacity 7479K, committed 7552K, reserved 1048576K
Event: 66.171 GC heap after
Heap after GC invocations=15 (full 2):
 PSYoungGen      total 87040K, used 15354K [0x00000000e0000000, 0x00000000e7e00000, 0x0000000100000000)
  eden space 71680K, 0% used [0x00000000e0000000,0x00000000e0000000,0x00000000e4600000)
  from space 15360K, 99% used [0x00000000e4600000,0x00000000e54fe8f8,0x00000000e5500000)
  to   space 18432K, 0% used [0x00000000e6c00000,0x00000000e6c00000,0x00000000e7e00000)
 ParOldGen       total 58880K, used 20762K [0x00000000a0000000, 0x00000000a3980000, 0x00000000e0000000)
  object space 58880K, 35% used [0x00000000a0000000,0x00000000a1446ac8,0x00000000a3980000)
 Metaspace       used 52986K, capacity 54364K, committed 54616K, reserved 1095680K
  class space    used 7156K, capacity 7479K, committed 7552K, reserved 1048576K
}

